# Logfile created on 2018-05-04 22:47:43 +0000 by logger.rb/56438
{"method":"GET","path":"/","format":"html","controller":"RootController","action":"index","status":302,"duration":39.16,"view":0.0,"db":0.0,"location":"http://example.org/users/sign_in","time":"2018-05-04T22:48:58.405Z","params":[],"remote_ip":null,"user_id":null,"username":null}
{"method":"GET","path":"/-/metrics","format":"html","controller":"MetricsController","action":"index","status":200,"duration":17.57,"view":12.57,"db":0.0,"time":"2018-05-04T22:49:17.008Z","params":[],"remote_ip":null,"user_id":null,"username":null}
{"method":"GET","path":"/help","format":"*/*","controller":"HelpController","action":"index","status":200,"duration":1092.56,"view":988.2,"db":80.06,"time":"2018-05-04T22:49:28.765Z","params":[],"remote_ip":"127.0.0.1","user_id":null,"username":null}
{"method":"GET","path":"/-/metrics","format":"html","controller":"MetricsController","action":"index","status":200,"duration":7.15,"view":0.79,"db":0.0,"time":"2018-05-04T22:49:31.915Z","params":[],"remote_ip":null,"user_id":null,"username":null}
{"method":"GET","path":"/-/metrics","format":"html","controller":"MetricsController","action":"index","status":200,"duration":14.76,"view":9.71,"db":0.0,"time":"2018-05-04T22:49:51.347Z","params":[],"remote_ip":null,"user_id":null,"username":null}
{"method":"GET","path":"/-/metrics","format":"html","controller":"MetricsController","action":"index","status":200,"duration":7.0,"view":1.29,"db":0.0,"time":"2018-05-04T22:50:06.280Z","params":[],"remote_ip":null,"user_id":null,"username":null}
{"method":"GET","path":"/-/metrics","format":"html","controller":"MetricsController","action":"index","status":200,"duration":2.49,"view":0.25,"db":0.0,"time":"2018-05-04T22:50:21.279Z","params":[],"remote_ip":null,"user_id":null,"username":null}
{"method":"GET","path":"/help","format":"*/*","controller":"HelpController","action":"index","status":200,"duration":296.04,"view":268.3,"db":5.03,"time":"2018-05-04T22:50:30.301Z","params":[],"remote_ip":"127.0.0.1","user_id":null,"username":null}
{"method":"GET","path":"/-/metrics","format":"html","controller":"MetricsController","action":"index","status":200,"duration":2.9,"view":0.35,"db":0.0,"time":"2018-05-04T22:50:36.281Z","params":[],"remote_ip":null,"user_id":null,"username":null}
{"method":"GET","path":"/-/metrics","format":"html","controller":"MetricsController","action":"index","status":200,"duration":5.95,"view":0.53,"db":0.0,"time":"2018-05-04T22:50:51.294Z","params":[],"remote_ip":null,"user_id":null,"username":null}
{"method":"GET","path":"/-/metrics","format":"html","controller":"MetricsController","action":"index","status":200,"duration":5.93,"view":1.45,"db":0.0,"time":"2018-05-04T22:51:06.285Z","params":[],"remote_ip":null,"user_id":null,"username":null}
{"method":"GET","path":"/-/metrics","format":"html","controller":"MetricsController","action":"index","status":200,"duration":2.42,"view":0.29,"db":0.0,"time":"2018-05-04T22:51:21.277Z","params":[],"remote_ip":null,"user_id":null,"username":null}
{"method":"GET","path":"/help","format":"*/*","controller":"HelpController","action":"index","status":200,"duration":511.75,"view":497.44,"db":0.0,"time":"2018-05-04T22:51:30.741Z","params":[],"remote_ip":"127.0.0.1","user_id":null,"username":null}
{"method":"GET","path":"/-/metrics","format":"html","controller":"MetricsController","action":"index","status":200,"duration":3.44,"view":0.29,"db":0.0,"time":"2018-05-04T22:51:36.280Z","params":[],"remote_ip":null,"user_id":null,"username":null}
{"method":"GET","path":"/-/metrics","format":"html","controller":"MetricsController","action":"index","status":200,"duration":2.76,"view":0.32,"db":0.0,"time":"2018-05-04T22:51:51.279Z","params":[],"remote_ip":null,"user_id":null,"username":null}
{"method":"GET","path":"/-/metrics","format":"html","controller":"MetricsController","action":"index","status":200,"duration":2.72,"view":0.31,"db":0.0,"time":"2018-05-04T22:52:06.276Z","params":[],"remote_ip":null,"user_id":null,"username":null}
{"method":"GET","path":"/-/metrics","format":"html","controller":"MetricsController","action":"index","status":200,"duration":2.6,"view":0.26,"db":0.0,"time":"2018-05-04T22:52:21.278Z","params":[],"remote_ip":null,"user_id":null,"username":null}
{"method":"GET","path":"/help","format":"*/*","controller":"HelpController","action":"index","status":200,"duration":167.07,"view":156.01,"db":0.0,"time":"2018-05-04T22:52:31.376Z","params":[],"remote_ip":"127.0.0.1","user_id":null,"username":null}
{"method":"GET","path":"/-/metrics","format":"html","controller":"MetricsController","action":"index","status":200,"duration":2.72,"view":0.31,"db":0.0,"time":"2018-05-04T22:52:36.279Z","params":[],"remote_ip":null,"user_id":null,"username":null}
{"method":"GET","path":"/-/metrics","format":"html","controller":"MetricsController","action":"index","status":200,"duration":5.6,"view":0.28,"db":0.0,"time":"2018-05-04T22:52:51.277Z","params":[],"remote_ip":null,"user_id":null,"username":null}
{"method":"GET","path":"/-/metrics","format":"html","controller":"MetricsController","action":"index","status":200,"duration":2.74,"view":0.25,"db":0.0,"time":"2018-05-04T22:53:06.279Z","params":[],"remote_ip":null,"user_id":null,"username":null}
{"method":"GET","path":"/-/metrics","format":"html","controller":"MetricsController","action":"index","status":200,"duration":3.23,"view":0.38,"db":0.0,"time":"2018-05-04T22:53:21.278Z","params":[],"remote_ip":null,"user_id":null,"username":null}
{"method":"GET","path":"/help","format":"*/*","controller":"HelpController","action":"index","status":200,"duration":2360.55,"view":2354.93,"db":0.0,"time":"2018-05-04T22:53:31.672Z","params":[],"remote_ip":"127.0.0.1","user_id":null,"username":null}
{"method":"GET","path":"/-/metrics","format":"html","controller":"MetricsController","action":"index","status":200,"duration":2.57,"view":0.27,"db":0.0,"time":"2018-05-04T22:53:36.278Z","params":[],"remote_ip":null,"user_id":null,"username":null}
{"method":"GET","path":"/-/metrics","format":"html","controller":"MetricsController","action":"index","status":200,"duration":2.93,"view":0.28,"db":0.0,"time":"2018-05-04T22:53:51.278Z","params":[],"remote_ip":null,"user_id":null,"username":null}
{"method":"GET","path":"/-/metrics","format":"html","controller":"MetricsController","action":"index","status":200,"duration":9.3,"view":0.28,"db":0.0,"time":"2018-05-04T22:54:06.281Z","params":[],"remote_ip":null,"user_id":null,"username":null}
{"method":"GET","path":"/-/metrics","format":"html","controller":"MetricsController","action":"index","status":200,"duration":3.3,"view":0.26,"db":0.0,"time":"2018-05-04T22:54:21.282Z","params":[],"remote_ip":null,"user_id":null,"username":null}
{"method":"GET","path":"/help","format":"*/*","controller":"HelpController","action":"index","status":200,"duration":777.27,"view":767.94,"db":0.0,"time":"2018-05-04T22:54:34.237Z","params":[],"remote_ip":"127.0.0.1","user_id":null,"username":null}
{"method":"GET","path":"/-/metrics","format":"html","controller":"MetricsController","action":"index","status":200,"duration":6.46,"view":0.41,"db":0.0,"time":"2018-05-04T22:54:36.281Z","params":[],"remote_ip":null,"user_id":null,"username":null}
{"method":"GET","path":"/-/metrics","format":"html","controller":"MetricsController","action":"index","status":200,"duration":2.4,"view":0.25,"db":0.0,"time":"2018-05-04T22:54:51.277Z","params":[],"remote_ip":null,"user_id":null,"username":null}
{"method":"GET","path":"/-/metrics","format":"html","controller":"MetricsController","action":"index","status":200,"duration":2.2,"view":0.24,"db":0.0,"time":"2018-05-04T22:55:06.279Z","params":[],"remote_ip":null,"user_id":null,"username":null}
{"method":"GET","path":"/-/metrics","format":"html","controller":"MetricsController","action":"index","status":200,"duration":4.01,"view":0.41,"db":0.0,"time":"2018-05-04T22:55:21.280Z","params":[],"remote_ip":null,"user_id":null,"username":null}
{"method":"GET","path":"/help","format":"*/*","controller":"HelpController","action":"index","status":200,"duration":157.23,"view":139.21,"db":0.0,"time":"2018-05-04T22:55:35.172Z","params":[],"remote_ip":"127.0.0.1","user_id":null,"username":null}
{"method":"GET","path":"/-/metrics","format":"html","controller":"MetricsController","action":"index","status":200,"duration":2.65,"view":0.28,"db":0.0,"time":"2018-05-04T22:55:36.278Z","params":[],"remote_ip":null,"user_id":null,"username":null}
{"method":"GET","path":"/-/metrics","format":"html","controller":"MetricsController","action":"index","status":200,"duration":2.78,"view":0.4,"db":0.0,"time":"2018-05-04T22:55:51.277Z","params":[],"remote_ip":null,"user_id":null,"username":null}
{"method":"GET","path":"/-/metrics","format":"html","controller":"MetricsController","action":"index","status":200,"duration":2.31,"view":0.25,"db":0.0,"time":"2018-05-04T22:56:06.277Z","params":[],"remote_ip":null,"user_id":null,"username":null}
{"method":"GET","path":"/-/metrics","format":"html","controller":"MetricsController","action":"index","status":200,"duration":2.2,"view":0.27,"db":0.0,"time":"2018-05-04T22:56:21.277Z","params":[],"remote_ip":null,"user_id":null,"username":null}
{"method":"GET","path":"/help","format":"*/*","controller":"HelpController","action":"index","status":200,"duration":116.16,"view":107.26,"db":0.0,"time":"2018-05-04T22:56:35.447Z","params":[],"remote_ip":"127.0.0.1","user_id":null,"username":null}
{"method":"GET","path":"/-/metrics","format":"html","controller":"MetricsController","action":"index","status":200,"duration":5.02,"view":0.48,"db":0.0,"time":"2018-05-04T22:56:36.278Z","params":[],"remote_ip":null,"user_id":null,"username":null}
{"method":"GET","path":"/-/metrics","format":"html","controller":"MetricsController","action":"index","status":200,"duration":2.32,"view":0.26,"db":0.0,"time":"2018-05-04T22:56:51.276Z","params":[],"remote_ip":null,"user_id":null,"username":null}
{"method":"GET","path":"/-/metrics","format":"html","controller":"MetricsController","action":"index","status":200,"duration":3.34,"view":0.53,"db":0.0,"time":"2018-05-04T22:57:06.280Z","params":[],"remote_ip":null,"user_id":null,"username":null}
{"method":"GET","path":"/-/metrics","format":"html","controller":"MetricsController","action":"index","status":200,"duration":3.36,"view":0.34,"db":0.0,"time":"2018-05-04T22:57:21.276Z","params":[],"remote_ip":null,"user_id":null,"username":null}
{"method":"GET","path":"/help","format":"*/*","controller":"HelpController","action":"index","status":200,"duration":213.32,"view":205.39,"db":0.0,"time":"2018-05-04T22:57:35.688Z","params":[],"remote_ip":"127.0.0.1","user_id":null,"username":null}
{"method":"GET","path":"/-/metrics","format":"html","controller":"MetricsController","action":"index","status":200,"duration":2.7,"view":0.39,"db":0.0,"time":"2018-05-04T22:57:36.277Z","params":[],"remote_ip":null,"user_id":null,"username":null}
{"method":"GET","path":"/-/metrics","format":"html","controller":"MetricsController","action":"index","status":200,"duration":2.57,"view":0.24,"db":0.0,"time":"2018-05-04T22:57:51.278Z","params":[],"remote_ip":null,"user_id":null,"username":null}
{"method":"GET","path":"/-/metrics","format":"html","controller":"MetricsController","action":"index","status":200,"duration":2.6,"view":0.27,"db":0.0,"time":"2018-05-04T22:58:06.279Z","params":[],"remote_ip":null,"user_id":null,"username":null}
{"method":"GET","path":"/-/metrics","format":"html","controller":"MetricsController","action":"index","status":200,"duration":3.02,"view":0.27,"db":0.0,"time":"2018-05-04T22:58:21.277Z","params":[],"remote_ip":null,"user_id":null,"username":null}
{"method":"GET","path":"/help","format":"*/*","controller":"HelpController","action":"index","status":200,"duration":137.26,"view":130.72,"db":0.0,"time":"2018-05-04T22:58:36.005Z","params":[],"remote_ip":"127.0.0.1","user_id":null,"username":null}
{"method":"GET","path":"/-/metrics","format":"html","controller":"MetricsController","action":"index","status":200,"duration":2.42,"view":0.28,"db":0.0,"time":"2018-05-04T22:58:36.279Z","params":[],"remote_ip":null,"user_id":null,"username":null}
{"method":"GET","path":"/-/metrics","format":"html","controller":"MetricsController","action":"index","status":200,"duration":2.77,"view":0.45,"db":0.0,"time":"2018-05-04T22:58:51.279Z","params":[],"remote_ip":null,"user_id":null,"username":null}
{"method":"GET","path":"/-/metrics","format":"html","controller":"MetricsController","action":"index","status":200,"duration":3.43,"view":0.44,"db":0.0,"time":"2018-05-04T22:59:06.280Z","params":[],"remote_ip":null,"user_id":null,"username":null}
{"method":"GET","path":"/-/metrics","format":"html","controller":"MetricsController","action":"index","status":200,"duration":2.55,"view":0.24,"db":0.0,"time":"2018-05-04T22:59:21.278Z","params":[],"remote_ip":null,"user_id":null,"username":null}
{"method":"GET","path":"/-/metrics","format":"html","controller":"MetricsController","action":"index","status":200,"duration":5.3,"view":0.37,"db":0.0,"time":"2018-05-04T22:59:36.288Z","params":[],"remote_ip":null,"user_id":null,"username":null}
{"method":"GET","path":"/help","format":"*/*","controller":"HelpController","action":"index","status":200,"duration":131.3,"view":109.16,"db":0.0,"time":"2018-05-04T22:59:36.288Z","params":[],"remote_ip":"127.0.0.1","user_id":null,"username":null}
{"method":"GET","path":"/-/metrics","format":"html","controller":"MetricsController","action":"index","status":200,"duration":7.15,"view":0.91,"db":0.0,"time":"2018-05-04T22:59:51.278Z","params":[],"remote_ip":null,"user_id":null,"username":null}
{"method":"GET","path":"/-/metrics","format":"html","controller":"MetricsController","action":"index","status":200,"duration":4.72,"view":0.52,"db":0.0,"time":"2018-05-04T23:00:06.276Z","params":[],"remote_ip":null,"user_id":null,"username":null}
{"method":"GET","path":"/-/metrics","format":"html","controller":"MetricsController","action":"index","status":200,"duration":2.96,"view":0.24,"db":0.0,"time":"2018-05-04T23:00:21.276Z","params":[],"remote_ip":null,"user_id":null,"username":null}
{"method":"GET","path":"/-/metrics","format":"html","controller":"MetricsController","action":"index","status":200,"duration":2.6,"view":0.24,"db":0.0,"time":"2018-05-04T23:00:36.276Z","params":[],"remote_ip":null,"user_id":null,"username":null}
{"method":"GET","path":"/help","format":"*/*","controller":"HelpController","action":"index","status":200,"duration":131.65,"view":122.41,"db":0.0,"time":"2018-05-04T23:00:36.552Z","params":[],"remote_ip":"127.0.0.1","user_id":null,"username":null}
{"method":"GET","path":"/-/metrics","format":"html","controller":"MetricsController","action":"index","status":200,"duration":2.91,"view":0.42,"db":0.0,"time":"2018-05-04T23:00:51.279Z","params":[],"remote_ip":null,"user_id":null,"username":null}
{"method":"GET","path":"/-/metrics","format":"html","controller":"MetricsController","action":"index","status":200,"duration":3.45,"view":0.24,"db":0.0,"time":"2018-05-04T23:01:06.279Z","params":[],"remote_ip":null,"user_id":null,"username":null}
{"method":"GET","path":"/-/metrics","format":"html","controller":"MetricsController","action":"index","status":200,"duration":2.28,"view":0.23,"db":0.0,"time":"2018-05-04T23:01:21.279Z","params":[],"remote_ip":null,"user_id":null,"username":null}
{"method":"GET","path":"/-/metrics","format":"html","controller":"MetricsController","action":"index","status":200,"duration":2.23,"view":0.24,"db":0.0,"time":"2018-05-04T23:01:36.278Z","params":[],"remote_ip":null,"user_id":null,"username":null}
{"method":"GET","path":"/help","format":"*/*","controller":"HelpController","action":"index","status":200,"duration":127.18,"view":121.92,"db":0.0,"time":"2018-05-04T23:01:36.788Z","params":[],"remote_ip":"127.0.0.1","user_id":null,"username":null}
{"method":"GET","path":"/-/metrics","format":"html","controller":"MetricsController","action":"index","status":200,"duration":3.1,"view":0.56,"db":0.0,"time":"2018-05-04T23:01:51.278Z","params":[],"remote_ip":null,"user_id":null,"username":null}
{"method":"GET","path":"/-/metrics","format":"html","controller":"MetricsController","action":"index","status":200,"duration":2.3,"view":0.27,"db":0.0,"time":"2018-05-04T23:02:06.278Z","params":[],"remote_ip":null,"user_id":null,"username":null}
{"method":"GET","path":"/-/metrics","format":"html","controller":"MetricsController","action":"index","status":200,"duration":3.27,"view":0.67,"db":0.0,"time":"2018-05-04T23:02:21.277Z","params":[],"remote_ip":null,"user_id":null,"username":null}
{"method":"GET","path":"/-/metrics","format":"html","controller":"MetricsController","action":"index","status":200,"duration":2.71,"view":0.34,"db":0.0,"time":"2018-05-04T23:02:36.279Z","params":[],"remote_ip":null,"user_id":null,"username":null}
{"method":"GET","path":"/help","format":"*/*","controller":"HelpController","action":"index","status":200,"duration":207.95,"view":193.19,"db":0.0,"time":"2018-05-04T23:02:37.012Z","params":[],"remote_ip":"127.0.0.1","user_id":null,"username":null}
{"method":"GET","path":"/-/metrics","format":"html","controller":"MetricsController","action":"index","status":200,"duration":2.27,"view":0.29,"db":0.0,"time":"2018-05-04T23:02:51.279Z","params":[],"remote_ip":null,"user_id":null,"username":null}
{"method":"GET","path":"/-/metrics","format":"html","controller":"MetricsController","action":"index","status":200,"duration":6.41,"view":1.44,"db":0.0,"time":"2018-05-04T23:03:06.282Z","params":[],"remote_ip":null,"user_id":null,"username":null}
{"method":"GET","path":"/-/metrics","format":"html","controller":"MetricsController","action":"index","status":200,"duration":3.72,"view":0.24,"db":0.0,"time":"2018-05-04T23:03:21.278Z","params":[],"remote_ip":null,"user_id":null,"username":null}
{"method":"GET","path":"/-/metrics","format":"html","controller":"MetricsController","action":"index","status":200,"duration":2.38,"view":0.24,"db":0.0,"time":"2018-05-04T23:03:36.279Z","params":[],"remote_ip":null,"user_id":null,"username":null}
{"method":"GET","path":"/help","format":"*/*","controller":"HelpController","action":"index","status":200,"duration":274.14,"view":255.22,"db":0.0,"time":"2018-05-04T23:03:37.337Z","params":[],"remote_ip":"127.0.0.1","user_id":null,"username":null}
{"method":"GET","path":"/-/metrics","format":"html","controller":"MetricsController","action":"index","status":200,"duration":2.37,"view":0.33,"db":0.0,"time":"2018-05-04T23:03:51.278Z","params":[],"remote_ip":null,"user_id":null,"username":null}
{"method":"GET","path":"/-/metrics","format":"html","controller":"MetricsController","action":"index","status":200,"duration":2.47,"view":0.33,"db":0.0,"time":"2018-05-04T23:04:06.279Z","params":[],"remote_ip":null,"user_id":null,"username":null}
{"method":"GET","path":"/-/metrics","format":"html","controller":"MetricsController","action":"index","status":200,"duration":2.49,"view":0.27,"db":0.0,"time":"2018-05-04T23:04:21.280Z","params":[],"remote_ip":null,"user_id":null,"username":null}
{"method":"GET","path":"/-/metrics","format":"html","controller":"MetricsController","action":"index","status":200,"duration":2.61,"view":0.28,"db":0.0,"time":"2018-05-04T23:04:36.277Z","params":[],"remote_ip":null,"user_id":null,"username":null}
{"method":"GET","path":"/help","format":"*/*","controller":"HelpController","action":"index","status":200,"duration":201.64,"view":193.1,"db":0.0,"time":"2018-05-04T23:04:37.711Z","params":[],"remote_ip":"127.0.0.1","user_id":null,"username":null}
{"method":"GET","path":"/-/metrics","format":"html","controller":"MetricsController","action":"index","status":200,"duration":2.46,"view":0.27,"db":0.0,"time":"2018-05-04T23:04:51.278Z","params":[],"remote_ip":null,"user_id":null,"username":null}
{"method":"GET","path":"/-/metrics","format":"html","controller":"MetricsController","action":"index","status":200,"duration":2.47,"view":0.31,"db":0.0,"time":"2018-05-04T23:05:06.277Z","params":[],"remote_ip":null,"user_id":null,"username":null}
{"method":"GET","path":"/-/metrics","format":"html","controller":"MetricsController","action":"index","status":200,"duration":2.27,"view":0.24,"db":0.0,"time":"2018-05-04T23:05:21.277Z","params":[],"remote_ip":null,"user_id":null,"username":null}
{"method":"GET","path":"/-/metrics","format":"html","controller":"MetricsController","action":"index","status":200,"duration":2.67,"view":0.28,"db":0.0,"time":"2018-05-04T23:05:36.278Z","params":[],"remote_ip":null,"user_id":null,"username":null}
{"method":"GET","path":"/help","format":"*/*","controller":"HelpController","action":"index","status":200,"duration":119.69,"view":110.77,"db":0.0,"time":"2018-05-04T23:05:38.004Z","params":[],"remote_ip":"127.0.0.1","user_id":null,"username":null}
{"method":"GET","path":"/-/metrics","format":"html","controller":"MetricsController","action":"index","status":200,"duration":3.5,"view":0.29,"db":0.0,"time":"2018-05-04T23:05:51.277Z","params":[],"remote_ip":null,"user_id":null,"username":null}
{"method":"GET","path":"/-/metrics","format":"html","controller":"MetricsController","action":"index","status":200,"duration":2.27,"view":0.29,"db":0.0,"time":"2018-05-04T23:06:06.277Z","params":[],"remote_ip":null,"user_id":null,"username":null}
{"method":"GET","path":"/-/metrics","format":"html","controller":"MetricsController","action":"index","status":200,"duration":2.22,"view":0.24,"db":0.0,"time":"2018-05-04T23:06:21.277Z","params":[],"remote_ip":null,"user_id":null,"username":null}
{"method":"GET","path":"/-/metrics","format":"html","controller":"MetricsController","action":"index","status":200,"duration":4.23,"view":0.64,"db":0.0,"time":"2018-05-04T23:06:36.281Z","params":[],"remote_ip":null,"user_id":null,"username":null}
{"method":"GET","path":"/help","format":"*/*","controller":"HelpController","action":"index","status":200,"duration":107.04,"view":98.29,"db":0.0,"time":"2018-05-04T23:06:38.233Z","params":[],"remote_ip":"127.0.0.1","user_id":null,"username":null}
{"method":"GET","path":"/-/metrics","format":"html","controller":"MetricsController","action":"index","status":200,"duration":4.6,"view":0.41,"db":0.0,"time":"2018-05-04T23:06:51.276Z","params":[],"remote_ip":null,"user_id":null,"username":null}
{"method":"GET","path":"/-/metrics","format":"html","controller":"MetricsController","action":"index","status":200,"duration":2.27,"view":0.24,"db":0.0,"time":"2018-05-04T23:07:06.277Z","params":[],"remote_ip":null,"user_id":null,"username":null}
{"method":"GET","path":"/-/metrics","format":"html","controller":"MetricsController","action":"index","status":200,"duration":2.21,"view":0.25,"db":0.0,"time":"2018-05-04T23:07:21.276Z","params":[],"remote_ip":null,"user_id":null,"username":null}
{"method":"GET","path":"/-/metrics","format":"html","controller":"MetricsController","action":"index","status":200,"duration":2.21,"view":0.24,"db":0.0,"time":"2018-05-04T23:07:36.277Z","params":[],"remote_ip":null,"user_id":null,"username":null}
{"method":"GET","path":"/help","format":"*/*","controller":"HelpController","action":"index","status":200,"duration":87.99,"view":82.97,"db":0.0,"time":"2018-05-04T23:07:38.427Z","params":[],"remote_ip":"127.0.0.1","user_id":null,"username":null}
{"method":"GET","path":"/-/metrics","format":"html","controller":"MetricsController","action":"index","status":200,"duration":2.34,"view":0.26,"db":0.0,"time":"2018-05-04T23:07:51.277Z","params":[],"remote_ip":null,"user_id":null,"username":null}
{"method":"GET","path":"/-/metrics","format":"html","controller":"MetricsController","action":"index","status":200,"duration":2.55,"view":0.24,"db":0.0,"time":"2018-05-04T23:08:06.280Z","params":[],"remote_ip":null,"user_id":null,"username":null}
{"method":"GET","path":"/-/metrics","format":"html","controller":"MetricsController","action":"index","status":200,"duration":2.15,"view":0.24,"db":0.0,"time":"2018-05-04T23:08:21.280Z","params":[],"remote_ip":null,"user_id":null,"username":null}
{"method":"GET","path":"/-/metrics","format":"html","controller":"MetricsController","action":"index","status":200,"duration":2.41,"view":0.23,"db":0.0,"time":"2018-05-04T23:08:36.279Z","params":[],"remote_ip":null,"user_id":null,"username":null}
{"method":"GET","path":"/help","format":"*/*","controller":"HelpController","action":"index","status":200,"duration":89.21,"view":84.09,"db":0.0,"time":"2018-05-04T23:08:38.607Z","params":[],"remote_ip":"127.0.0.1","user_id":null,"username":null}
{"method":"GET","path":"/-/metrics","format":"html","controller":"MetricsController","action":"index","status":200,"duration":4.38,"view":0.26,"db":0.0,"time":"2018-05-04T23:08:51.278Z","params":[],"remote_ip":null,"user_id":null,"username":null}
{"method":"GET","path":"/-/metrics","format":"html","controller":"MetricsController","action":"index","status":200,"duration":2.31,"view":0.25,"db":0.0,"time":"2018-05-04T23:09:06.278Z","params":[],"remote_ip":null,"user_id":null,"username":null}
{"method":"GET","path":"/-/metrics","format":"html","controller":"MetricsController","action":"index","status":200,"duration":2.39,"view":0.27,"db":0.0,"time":"2018-05-04T23:09:21.278Z","params":[],"remote_ip":null,"user_id":null,"username":null}
{"method":"GET","path":"/-/metrics","format":"html","controller":"MetricsController","action":"index","status":200,"duration":2.16,"view":0.23,"db":0.0,"time":"2018-05-04T23:09:36.277Z","params":[],"remote_ip":null,"user_id":null,"username":null}
{"method":"GET","path":"/help","format":"*/*","controller":"HelpController","action":"index","status":200,"duration":78.53,"view":73.25,"db":0.0,"time":"2018-05-04T23:09:38.781Z","params":[],"remote_ip":"127.0.0.1","user_id":null,"username":null}
{"method":"GET","path":"/-/metrics","format":"html","controller":"MetricsController","action":"index","status":200,"duration":5.13,"view":0.27,"db":0.0,"time":"2018-05-04T23:09:51.277Z","params":[],"remote_ip":null,"user_id":null,"username":null}
{"method":"GET","path":"/-/metrics","format":"html","controller":"MetricsController","action":"index","status":200,"duration":2.63,"view":0.52,"db":0.0,"time":"2018-05-04T23:10:06.277Z","params":[],"remote_ip":null,"user_id":null,"username":null}
{"method":"GET","path":"/-/metrics","format":"html","controller":"MetricsController","action":"index","status":200,"duration":2.26,"view":0.24,"db":0.0,"time":"2018-05-04T23:10:21.279Z","params":[],"remote_ip":null,"user_id":null,"username":null}
{"method":"GET","path":"/-/metrics","format":"html","controller":"MetricsController","action":"index","status":200,"duration":2.47,"view":0.26,"db":0.0,"time":"2018-05-04T23:10:36.279Z","params":[],"remote_ip":null,"user_id":null,"username":null}
{"method":"GET","path":"/help","format":"*/*","controller":"HelpController","action":"index","status":200,"duration":96.84,"view":91.6,"db":0.0,"time":"2018-05-04T23:10:38.952Z","params":[],"remote_ip":"127.0.0.1","user_id":null,"username":null}
{"method":"GET","path":"/-/metrics","format":"html","controller":"MetricsController","action":"index","status":200,"duration":2.38,"view":0.27,"db":0.0,"time":"2018-05-04T23:10:51.278Z","params":[],"remote_ip":null,"user_id":null,"username":null}
{"method":"GET","path":"/-/metrics","format":"html","controller":"MetricsController","action":"index","status":200,"duration":3.53,"view":0.24,"db":0.0,"time":"2018-05-04T23:11:06.280Z","params":[],"remote_ip":null,"user_id":null,"username":null}
{"method":"GET","path":"/-/metrics","format":"html","controller":"MetricsController","action":"index","status":200,"duration":2.45,"view":0.39,"db":0.0,"time":"2018-05-04T23:11:21.278Z","params":[],"remote_ip":null,"user_id":null,"username":null}
{"method":"GET","path":"/-/metrics","format":"html","controller":"MetricsController","action":"index","status":200,"duration":2.2,"view":0.24,"db":0.0,"time":"2018-05-04T23:11:36.277Z","params":[],"remote_ip":null,"user_id":null,"username":null}
{"method":"GET","path":"/help","format":"*/*","controller":"HelpController","action":"index","status":200,"duration":424.4,"view":418.66,"db":0.0,"time":"2018-05-04T23:11:39.152Z","params":[],"remote_ip":"127.0.0.1","user_id":null,"username":null}
{"method":"GET","path":"/-/metrics","format":"html","controller":"MetricsController","action":"index","status":200,"duration":2.61,"view":0.25,"db":0.0,"time":"2018-05-04T23:11:51.279Z","params":[],"remote_ip":null,"user_id":null,"username":null}
{"method":"GET","path":"/-/metrics","format":"html","controller":"MetricsController","action":"index","status":200,"duration":2.38,"view":0.23,"db":0.0,"time":"2018-05-04T23:12:06.284Z","params":[],"remote_ip":null,"user_id":null,"username":null}
{"method":"GET","path":"/-/metrics","format":"html","controller":"MetricsController","action":"index","status":200,"duration":2.37,"view":0.28,"db":0.0,"time":"2018-05-04T23:12:21.278Z","params":[],"remote_ip":null,"user_id":null,"username":null}
{"method":"GET","path":"/-/metrics","format":"html","controller":"MetricsController","action":"index","status":200,"duration":2.35,"view":0.24,"db":0.0,"time":"2018-05-04T23:12:36.279Z","params":[],"remote_ip":null,"user_id":null,"username":null}
{"method":"GET","path":"/help","format":"*/*","controller":"HelpController","action":"index","status":200,"duration":98.38,"view":90.63,"db":0.0,"time":"2018-05-04T23:12:39.675Z","params":[],"remote_ip":"127.0.0.1","user_id":null,"username":null}
{"method":"GET","path":"/-/metrics","format":"html","controller":"MetricsController","action":"index","status":200,"duration":2.23,"view":0.26,"db":0.0,"time":"2018-05-04T23:12:51.279Z","params":[],"remote_ip":null,"user_id":null,"username":null}
{"method":"GET","path":"/-/metrics","format":"html","controller":"MetricsController","action":"index","status":200,"duration":2.31,"view":0.25,"db":0.0,"time":"2018-05-04T23:13:06.278Z","params":[],"remote_ip":null,"user_id":null,"username":null}
{"method":"GET","path":"/-/metrics","format":"html","controller":"MetricsController","action":"index","status":200,"duration":2.06,"view":0.23,"db":0.0,"time":"2018-05-04T23:13:21.277Z","params":[],"remote_ip":null,"user_id":null,"username":null}
{"method":"GET","path":"/-/metrics","format":"html","controller":"MetricsController","action":"index","status":200,"duration":2.32,"view":0.23,"db":0.0,"time":"2018-05-04T23:13:36.277Z","params":[],"remote_ip":null,"user_id":null,"username":null}
{"method":"GET","path":"/help","format":"*/*","controller":"HelpController","action":"index","status":200,"duration":418.35,"view":410.58,"db":0.0,"time":"2018-05-04T23:13:39.872Z","params":[],"remote_ip":"127.0.0.1","user_id":null,"username":null}
{"method":"GET","path":"/-/metrics","format":"html","controller":"MetricsController","action":"index","status":200,"duration":2.39,"view":0.27,"db":0.0,"time":"2018-05-04T23:13:51.279Z","params":[],"remote_ip":null,"user_id":null,"username":null}
{"method":"GET","path":"/-/metrics","format":"html","controller":"MetricsController","action":"index","status":200,"duration":2.26,"view":0.24,"db":0.0,"time":"2018-05-04T23:14:06.277Z","params":[],"remote_ip":null,"user_id":null,"username":null}
{"method":"GET","path":"/-/metrics","format":"html","controller":"MetricsController","action":"index","status":200,"duration":2.18,"view":0.24,"db":0.0,"time":"2018-05-04T23:14:21.276Z","params":[],"remote_ip":null,"user_id":null,"username":null}
{"method":"GET","path":"/-/metrics","format":"html","controller":"MetricsController","action":"index","status":200,"duration":2.46,"view":0.25,"db":0.0,"time":"2018-05-04T23:14:36.279Z","params":[],"remote_ip":null,"user_id":null,"username":null}
{"method":"GET","path":"/help","format":"*/*","controller":"HelpController","action":"index","status":200,"duration":85.19,"view":75.13,"db":0.0,"time":"2018-05-04T23:14:40.404Z","params":[],"remote_ip":"127.0.0.1","user_id":null,"username":null}
{"method":"GET","path":"/-/metrics","format":"html","controller":"MetricsController","action":"index","status":200,"duration":2.22,"view":0.23,"db":0.0,"time":"2018-05-04T23:14:51.280Z","params":[],"remote_ip":null,"user_id":null,"username":null}
{"method":"GET","path":"/-/metrics","format":"html","controller":"MetricsController","action":"index","status":200,"duration":2.22,"view":0.24,"db":0.0,"time":"2018-05-04T23:15:06.278Z","params":[],"remote_ip":null,"user_id":null,"username":null}
{"method":"GET","path":"/-/metrics","format":"html","controller":"MetricsController","action":"index","status":200,"duration":2.52,"view":0.27,"db":0.0,"time":"2018-05-04T23:15:21.278Z","params":[],"remote_ip":null,"user_id":null,"username":null}
{"method":"GET","path":"/-/metrics","format":"html","controller":"MetricsController","action":"index","status":200,"duration":2.16,"view":0.24,"db":0.0,"time":"2018-05-04T23:15:36.279Z","params":[],"remote_ip":null,"user_id":null,"username":null}
{"method":"GET","path":"/help","format":"*/*","controller":"HelpController","action":"index","status":200,"duration":127.73,"view":121.78,"db":0.0,"time":"2018-05-04T23:15:40.580Z","params":[],"remote_ip":"127.0.0.1","user_id":null,"username":null}
{"method":"GET","path":"/-/metrics","format":"html","controller":"MetricsController","action":"index","status":200,"duration":2.14,"view":0.24,"db":0.0,"time":"2018-05-04T23:15:51.276Z","params":[],"remote_ip":null,"user_id":null,"username":null}
{"method":"GET","path":"/-/metrics","format":"html","controller":"MetricsController","action":"index","status":200,"duration":2.16,"view":0.24,"db":0.0,"time":"2018-05-04T23:16:06.276Z","params":[],"remote_ip":null,"user_id":null,"username":null}
{"method":"GET","path":"/-/metrics","format":"html","controller":"MetricsController","action":"index","status":200,"duration":2.21,"view":0.24,"db":0.0,"time":"2018-05-04T23:16:21.279Z","params":[],"remote_ip":null,"user_id":null,"username":null}
{"method":"GET","path":"/-/metrics","format":"html","controller":"MetricsController","action":"index","status":200,"duration":3.18,"view":0.35,"db":0.0,"time":"2018-05-04T23:16:36.282Z","params":[],"remote_ip":null,"user_id":null,"username":null}
{"method":"GET","path":"/help","format":"*/*","controller":"HelpController","action":"index","status":200,"duration":143.94,"view":138.48,"db":0.0,"time":"2018-05-04T23:16:40.805Z","params":[],"remote_ip":"127.0.0.1","user_id":null,"username":null}
{"method":"GET","path":"/-/metrics","format":"html","controller":"MetricsController","action":"index","status":200,"duration":2.47,"view":0.27,"db":0.0,"time":"2018-05-04T23:16:51.279Z","params":[],"remote_ip":null,"user_id":null,"username":null}
{"method":"GET","path":"/-/metrics","format":"html","controller":"MetricsController","action":"index","status":200,"duration":2.2,"view":0.23,"db":0.0,"time":"2018-05-04T23:17:06.279Z","params":[],"remote_ip":null,"user_id":null,"username":null}
{"method":"GET","path":"/-/metrics","format":"html","controller":"MetricsController","action":"index","status":200,"duration":2.43,"view":0.34,"db":0.0,"time":"2018-05-04T23:17:21.278Z","params":[],"remote_ip":null,"user_id":null,"username":null}
{"method":"GET","path":"/-/metrics","format":"html","controller":"MetricsController","action":"index","status":200,"duration":3.59,"view":0.24,"db":0.0,"time":"2018-05-04T23:17:36.282Z","params":[],"remote_ip":null,"user_id":null,"username":null}
{"method":"GET","path":"/help","format":"*/*","controller":"HelpController","action":"index","status":200,"duration":84.96,"view":76.34,"db":0.0,"time":"2018-05-04T23:17:41.062Z","params":[],"remote_ip":"127.0.0.1","user_id":null,"username":null}
{"method":"GET","path":"/-/metrics","format":"html","controller":"MetricsController","action":"index","status":200,"duration":2.39,"view":0.28,"db":0.0,"time":"2018-05-04T23:17:51.279Z","params":[],"remote_ip":null,"user_id":null,"username":null}
{"method":"GET","path":"/-/metrics","format":"html","controller":"MetricsController","action":"index","status":200,"duration":2.48,"view":0.24,"db":0.0,"time":"2018-05-04T23:18:06.278Z","params":[],"remote_ip":null,"user_id":null,"username":null}
{"method":"GET","path":"/-/metrics","format":"html","controller":"MetricsController","action":"index","status":200,"duration":2.48,"view":0.24,"db":0.0,"time":"2018-05-04T23:18:21.277Z","params":[],"remote_ip":null,"user_id":null,"username":null}
{"method":"GET","path":"/-/metrics","format":"html","controller":"MetricsController","action":"index","status":200,"duration":2.22,"view":0.23,"db":0.0,"time":"2018-05-04T23:18:36.278Z","params":[],"remote_ip":null,"user_id":null,"username":null}
{"method":"GET","path":"/help","format":"*/*","controller":"HelpController","action":"index","status":200,"duration":82.33,"view":76.72,"db":0.0,"time":"2018-05-04T23:18:41.240Z","params":[],"remote_ip":"127.0.0.1","user_id":null,"username":null}
{"method":"GET","path":"/-/metrics","format":"html","controller":"MetricsController","action":"index","status":200,"duration":2.24,"view":0.27,"db":0.0,"time":"2018-05-04T23:18:51.278Z","params":[],"remote_ip":null,"user_id":null,"username":null}
{"method":"GET","path":"/-/metrics","format":"html","controller":"MetricsController","action":"index","status":200,"duration":2.47,"view":0.23,"db":0.0,"time":"2018-05-04T23:19:06.277Z","params":[],"remote_ip":null,"user_id":null,"username":null}
{"method":"GET","path":"/-/metrics","format":"html","controller":"MetricsController","action":"index","status":200,"duration":3.4,"view":0.24,"db":0.0,"time":"2018-05-04T23:19:21.280Z","params":[],"remote_ip":null,"user_id":null,"username":null}
{"method":"GET","path":"/-/metrics","format":"html","controller":"MetricsController","action":"index","status":200,"duration":2.51,"view":0.23,"db":0.0,"time":"2018-05-04T23:19:36.281Z","params":[],"remote_ip":null,"user_id":null,"username":null}
{"method":"GET","path":"/help","format":"*/*","controller":"HelpController","action":"index","status":200,"duration":81.51,"view":76.04,"db":0.0,"time":"2018-05-04T23:19:41.422Z","params":[],"remote_ip":"127.0.0.1","user_id":null,"username":null}
{"method":"GET","path":"/-/metrics","format":"html","controller":"MetricsController","action":"index","status":200,"duration":2.27,"view":0.26,"db":0.0,"time":"2018-05-04T23:19:51.277Z","params":[],"remote_ip":null,"user_id":null,"username":null}
{"method":"GET","path":"/-/metrics","format":"html","controller":"MetricsController","action":"index","status":200,"duration":2.42,"view":0.24,"db":0.0,"time":"2018-05-04T23:20:06.277Z","params":[],"remote_ip":null,"user_id":null,"username":null}
{"method":"GET","path":"/-/metrics","format":"html","controller":"MetricsController","action":"index","status":200,"duration":2.19,"view":0.27,"db":0.0,"time":"2018-05-04T23:20:21.277Z","params":[],"remote_ip":null,"user_id":null,"username":null}
{"method":"GET","path":"/-/metrics","format":"html","controller":"MetricsController","action":"index","status":200,"duration":2.41,"view":0.23,"db":0.0,"time":"2018-05-04T23:20:36.277Z","params":[],"remote_ip":null,"user_id":null,"username":null}
{"method":"GET","path":"/help","format":"*/*","controller":"HelpController","action":"index","status":200,"duration":131.37,"view":124.95,"db":0.0,"time":"2018-05-04T23:20:41.622Z","params":[],"remote_ip":"127.0.0.1","user_id":null,"username":null}
{"method":"GET","path":"/-/metrics","format":"html","controller":"MetricsController","action":"index","status":200,"duration":2.39,"view":0.26,"db":0.0,"time":"2018-05-04T23:20:51.279Z","params":[],"remote_ip":null,"user_id":null,"username":null}
{"method":"GET","path":"/-/metrics","format":"html","controller":"MetricsController","action":"index","status":200,"duration":2.27,"view":0.24,"db":0.0,"time":"2018-05-04T23:21:06.279Z","params":[],"remote_ip":null,"user_id":null,"username":null}
{"method":"GET","path":"/-/metrics","format":"html","controller":"MetricsController","action":"index","status":200,"duration":2.14,"view":0.24,"db":0.0,"time":"2018-05-04T23:21:21.277Z","params":[],"remote_ip":null,"user_id":null,"username":null}
{"method":"GET","path":"/-/metrics","format":"html","controller":"MetricsController","action":"index","status":200,"duration":2.55,"view":0.28,"db":0.0,"time":"2018-05-04T23:21:36.279Z","params":[],"remote_ip":null,"user_id":null,"username":null}
{"method":"GET","path":"/help","format":"*/*","controller":"HelpController","action":"index","status":200,"duration":78.23,"view":71.39,"db":0.0,"time":"2018-05-04T23:21:41.842Z","params":[],"remote_ip":"127.0.0.1","user_id":null,"username":null}
{"method":"GET","path":"/-/metrics","format":"html","controller":"MetricsController","action":"index","status":200,"duration":2.25,"view":0.27,"db":0.0,"time":"2018-05-04T23:21:51.279Z","params":[],"remote_ip":null,"user_id":null,"username":null}
{"method":"GET","path":"/-/metrics","format":"html","controller":"MetricsController","action":"index","status":200,"duration":2.28,"view":0.24,"db":0.0,"time":"2018-05-04T23:22:06.279Z","params":[],"remote_ip":null,"user_id":null,"username":null}
{"method":"GET","path":"/-/metrics","format":"html","controller":"MetricsController","action":"index","status":200,"duration":2.12,"view":0.24,"db":0.0,"time":"2018-05-04T23:22:21.278Z","params":[],"remote_ip":null,"user_id":null,"username":null}
{"method":"GET","path":"/-/metrics","format":"html","controller":"MetricsController","action":"index","status":200,"duration":2.23,"view":0.24,"db":0.0,"time":"2018-05-04T23:22:36.278Z","params":[],"remote_ip":null,"user_id":null,"username":null}
{"method":"GET","path":"/help","format":"*/*","controller":"HelpController","action":"index","status":200,"duration":150.49,"view":145.44,"db":0.0,"time":"2018-05-04T23:22:42.008Z","params":[],"remote_ip":"127.0.0.1","user_id":null,"username":null}
{"method":"GET","path":"/-/metrics","format":"html","controller":"MetricsController","action":"index","status":200,"duration":2.41,"view":0.28,"db":0.0,"time":"2018-05-04T23:22:51.277Z","params":[],"remote_ip":null,"user_id":null,"username":null}
{"method":"GET","path":"/-/metrics","format":"html","controller":"MetricsController","action":"index","status":200,"duration":2.4,"view":0.25,"db":0.0,"time":"2018-05-04T23:23:06.279Z","params":[],"remote_ip":null,"user_id":null,"username":null}
{"method":"GET","path":"/-/metrics","format":"html","controller":"MetricsController","action":"index","status":200,"duration":2.12,"view":0.25,"db":0.0,"time":"2018-05-04T23:23:21.278Z","params":[],"remote_ip":null,"user_id":null,"username":null}
{"method":"GET","path":"/-/metrics","format":"html","controller":"MetricsController","action":"index","status":200,"duration":2.72,"view":0.24,"db":0.0,"time":"2018-05-04T23:23:36.279Z","params":[],"remote_ip":null,"user_id":null,"username":null}
{"method":"GET","path":"/help","format":"*/*","controller":"HelpController","action":"index","status":200,"duration":88.71,"view":83.15,"db":0.0,"time":"2018-05-04T23:23:42.253Z","params":[],"remote_ip":"127.0.0.1","user_id":null,"username":null}
{"method":"GET","path":"/-/metrics","format":"html","controller":"MetricsController","action":"index","status":200,"duration":2.4,"view":0.29,"db":0.0,"time":"2018-05-04T23:23:51.278Z","params":[],"remote_ip":null,"user_id":null,"username":null}
{"method":"GET","path":"/-/metrics","format":"html","controller":"MetricsController","action":"index","status":200,"duration":2.36,"view":0.24,"db":0.0,"time":"2018-05-04T23:24:06.277Z","params":[],"remote_ip":null,"user_id":null,"username":null}
{"method":"GET","path":"/-/metrics","format":"html","controller":"MetricsController","action":"index","status":200,"duration":2.25,"view":0.27,"db":0.0,"time":"2018-05-04T23:24:21.279Z","params":[],"remote_ip":null,"user_id":null,"username":null}
{"method":"GET","path":"/-/metrics","format":"html","controller":"MetricsController","action":"index","status":200,"duration":2.92,"view":0.3,"db":0.0,"time":"2018-05-04T23:24:36.276Z","params":[],"remote_ip":null,"user_id":null,"username":null}
{"method":"GET","path":"/help","format":"*/*","controller":"HelpController","action":"index","status":200,"duration":105.36,"view":98.96,"db":0.0,"time":"2018-05-04T23:24:42.443Z","params":[],"remote_ip":"127.0.0.1","user_id":null,"username":null}
{"method":"GET","path":"/-/metrics","format":"html","controller":"MetricsController","action":"index","status":200,"duration":2.25,"view":0.23,"db":0.0,"time":"2018-05-04T23:24:51.279Z","params":[],"remote_ip":null,"user_id":null,"username":null}
{"method":"GET","path":"/-/metrics","format":"html","controller":"MetricsController","action":"index","status":200,"duration":3.86,"view":0.72,"db":0.0,"time":"2018-05-04T23:25:06.277Z","params":[],"remote_ip":null,"user_id":null,"username":null}
{"method":"GET","path":"/-/metrics","format":"html","controller":"MetricsController","action":"index","status":200,"duration":2.24,"view":0.24,"db":0.0,"time":"2018-05-04T23:25:21.278Z","params":[],"remote_ip":null,"user_id":null,"username":null}
{"method":"GET","path":"/-/metrics","format":"html","controller":"MetricsController","action":"index","status":200,"duration":2.6,"view":0.47,"db":0.0,"time":"2018-05-04T23:25:36.282Z","params":[],"remote_ip":null,"user_id":null,"username":null}
{"method":"GET","path":"/help","format":"*/*","controller":"HelpController","action":"index","status":200,"duration":83.87,"view":71.37,"db":0.0,"time":"2018-05-04T23:25:42.641Z","params":[],"remote_ip":"127.0.0.1","user_id":null,"username":null}
{"method":"GET","path":"/-/metrics","format":"html","controller":"MetricsController","action":"index","status":200,"duration":2.43,"view":0.27,"db":0.0,"time":"2018-05-04T23:25:51.277Z","params":[],"remote_ip":null,"user_id":null,"username":null}
{"method":"GET","path":"/-/metrics","format":"html","controller":"MetricsController","action":"index","status":200,"duration":2.83,"view":0.3,"db":0.0,"time":"2018-05-04T23:26:06.289Z","params":[],"remote_ip":null,"user_id":null,"username":null}
{"method":"GET","path":"/-/metrics","format":"html","controller":"MetricsController","action":"index","status":200,"duration":2.59,"view":0.31,"db":0.0,"time":"2018-05-04T23:26:21.278Z","params":[],"remote_ip":null,"user_id":null,"username":null}
{"method":"GET","path":"/-/metrics","format":"html","controller":"MetricsController","action":"index","status":200,"duration":2.15,"view":0.24,"db":0.0,"time":"2018-05-04T23:26:36.276Z","params":[],"remote_ip":null,"user_id":null,"username":null}
{"method":"GET","path":"/help","format":"*/*","controller":"HelpController","action":"index","status":200,"duration":95.86,"view":90.75,"db":0.0,"time":"2018-05-04T23:26:42.815Z","params":[],"remote_ip":"127.0.0.1","user_id":null,"username":null}
{"method":"GET","path":"/-/metrics","format":"html","controller":"MetricsController","action":"index","status":200,"duration":2.45,"view":0.28,"db":0.0,"time":"2018-05-04T23:26:51.280Z","params":[],"remote_ip":null,"user_id":null,"username":null}
{"method":"GET","path":"/-/metrics","format":"html","controller":"MetricsController","action":"index","status":200,"duration":2.36,"view":0.24,"db":0.0,"time":"2018-05-04T23:27:06.278Z","params":[],"remote_ip":null,"user_id":null,"username":null}
{"method":"GET","path":"/-/metrics","format":"html","controller":"MetricsController","action":"index","status":200,"duration":3.48,"view":0.5,"db":0.0,"time":"2018-05-04T23:27:21.277Z","params":[],"remote_ip":null,"user_id":null,"username":null}
{"method":"GET","path":"/-/metrics","format":"html","controller":"MetricsController","action":"index","status":200,"duration":5.17,"view":0.72,"db":0.0,"time":"2018-05-04T23:27:36.278Z","params":[],"remote_ip":null,"user_id":null,"username":null}
{"method":"GET","path":"/help","format":"*/*","controller":"HelpController","action":"index","status":200,"duration":102.4,"view":95.91,"db":0.0,"time":"2018-05-04T23:27:43.004Z","params":[],"remote_ip":"127.0.0.1","user_id":null,"username":null}
{"method":"GET","path":"/-/metrics","format":"html","controller":"MetricsController","action":"index","status":200,"duration":2.36,"view":0.27,"db":0.0,"time":"2018-05-04T23:27:51.278Z","params":[],"remote_ip":null,"user_id":null,"username":null}
{"method":"GET","path":"/-/metrics","format":"html","controller":"MetricsController","action":"index","status":200,"duration":2.2,"view":0.24,"db":0.0,"time":"2018-05-04T23:28:06.278Z","params":[],"remote_ip":null,"user_id":null,"username":null}
{"method":"GET","path":"/-/metrics","format":"html","controller":"MetricsController","action":"index","status":200,"duration":2.86,"view":0.31,"db":0.0,"time":"2018-05-04T23:28:21.281Z","params":[],"remote_ip":null,"user_id":null,"username":null}
{"method":"GET","path":"/-/metrics","format":"html","controller":"MetricsController","action":"index","status":200,"duration":2.59,"view":0.26,"db":0.0,"time":"2018-05-04T23:28:36.279Z","params":[],"remote_ip":null,"user_id":null,"username":null}
{"method":"GET","path":"/help","format":"*/*","controller":"HelpController","action":"index","status":200,"duration":104.12,"view":98.32,"db":0.0,"time":"2018-05-04T23:28:43.221Z","params":[],"remote_ip":"127.0.0.1","user_id":null,"username":null}
{"method":"GET","path":"/-/metrics","format":"html","controller":"MetricsController","action":"index","status":200,"duration":2.55,"view":0.27,"db":0.0,"time":"2018-05-04T23:28:51.278Z","params":[],"remote_ip":null,"user_id":null,"username":null}
{"method":"GET","path":"/-/metrics","format":"html","controller":"MetricsController","action":"index","status":200,"duration":2.27,"view":0.25,"db":0.0,"time":"2018-05-04T23:29:06.281Z","params":[],"remote_ip":null,"user_id":null,"username":null}
{"method":"GET","path":"/-/metrics","format":"html","controller":"MetricsController","action":"index","status":200,"duration":2.3,"view":0.25,"db":0.0,"time":"2018-05-04T23:29:21.275Z","params":[],"remote_ip":null,"user_id":null,"username":null}
{"method":"GET","path":"/-/metrics","format":"html","controller":"MetricsController","action":"index","status":200,"duration":2.21,"view":0.24,"db":0.0,"time":"2018-05-04T23:29:36.277Z","params":[],"remote_ip":null,"user_id":null,"username":null}
{"method":"GET","path":"/help","format":"*/*","controller":"HelpController","action":"index","status":200,"duration":182.95,"view":177.22,"db":0.0,"time":"2018-05-04T23:29:43.421Z","params":[],"remote_ip":"127.0.0.1","user_id":null,"username":null}
{"method":"GET","path":"/-/metrics","format":"html","controller":"MetricsController","action":"index","status":200,"duration":2.43,"view":0.24,"db":0.0,"time":"2018-05-04T23:29:51.279Z","params":[],"remote_ip":null,"user_id":null,"username":null}
{"method":"GET","path":"/-/metrics","format":"html","controller":"MetricsController","action":"index","status":200,"duration":2.73,"view":0.27,"db":0.0,"time":"2018-05-04T23:30:06.279Z","params":[],"remote_ip":null,"user_id":null,"username":null}
{"method":"GET","path":"/-/metrics","format":"html","controller":"MetricsController","action":"index","status":200,"duration":2.26,"view":0.24,"db":0.0,"time":"2018-05-04T23:30:21.278Z","params":[],"remote_ip":null,"user_id":null,"username":null}
{"method":"GET","path":"/-/metrics","format":"html","controller":"MetricsController","action":"index","status":200,"duration":2.41,"view":0.25,"db":0.0,"time":"2018-05-04T23:30:36.279Z","params":[],"remote_ip":null,"user_id":null,"username":null}
{"method":"GET","path":"/help","format":"*/*","controller":"HelpController","action":"index","status":200,"duration":402.7,"view":392.02,"db":0.0,"time":"2018-05-04T23:30:43.726Z","params":[],"remote_ip":"127.0.0.1","user_id":null,"username":null}
{"method":"GET","path":"/-/metrics","format":"html","controller":"MetricsController","action":"index","status":200,"duration":2.34,"view":0.28,"db":0.0,"time":"2018-05-04T23:30:51.279Z","params":[],"remote_ip":null,"user_id":null,"username":null}
{"method":"GET","path":"/-/metrics","format":"html","controller":"MetricsController","action":"index","status":200,"duration":2.22,"view":0.24,"db":0.0,"time":"2018-05-04T23:31:06.280Z","params":[],"remote_ip":null,"user_id":null,"username":null}
{"method":"GET","path":"/-/metrics","format":"html","controller":"MetricsController","action":"index","status":200,"duration":2.16,"view":0.24,"db":0.0,"time":"2018-05-04T23:31:21.277Z","params":[],"remote_ip":null,"user_id":null,"username":null}
{"method":"GET","path":"/-/metrics","format":"html","controller":"MetricsController","action":"index","status":200,"duration":2.59,"view":0.23,"db":0.0,"time":"2018-05-04T23:31:36.279Z","params":[],"remote_ip":null,"user_id":null,"username":null}
{"method":"GET","path":"/help","format":"*/*","controller":"HelpController","action":"index","status":200,"duration":94.25,"view":89.53,"db":0.0,"time":"2018-05-04T23:31:44.224Z","params":[],"remote_ip":"127.0.0.1","user_id":null,"username":null}
{"method":"GET","path":"/-/metrics","format":"html","controller":"MetricsController","action":"index","status":200,"duration":2.27,"view":0.27,"db":0.0,"time":"2018-05-04T23:31:51.279Z","params":[],"remote_ip":null,"user_id":null,"username":null}
{"method":"GET","path":"/-/metrics","format":"html","controller":"MetricsController","action":"index","status":200,"duration":2.24,"view":0.24,"db":0.0,"time":"2018-05-04T23:32:06.278Z","params":[],"remote_ip":null,"user_id":null,"username":null}
{"method":"GET","path":"/-/metrics","format":"html","controller":"MetricsController","action":"index","status":200,"duration":2.22,"view":0.23,"db":0.0,"time":"2018-05-04T23:32:21.277Z","params":[],"remote_ip":null,"user_id":null,"username":null}
{"method":"GET","path":"/-/metrics","format":"html","controller":"MetricsController","action":"index","status":200,"duration":2.19,"view":0.24,"db":0.0,"time":"2018-05-04T23:32:36.278Z","params":[],"remote_ip":null,"user_id":null,"username":null}
{"method":"GET","path":"/help","format":"*/*","controller":"HelpController","action":"index","status":200,"duration":119.88,"view":114.93,"db":0.0,"time":"2018-05-04T23:32:44.409Z","params":[],"remote_ip":"127.0.0.1","user_id":null,"username":null}
{"method":"GET","path":"/-/metrics","format":"html","controller":"MetricsController","action":"index","status":200,"duration":2.24,"view":0.26,"db":0.0,"time":"2018-05-04T23:32:51.278Z","params":[],"remote_ip":null,"user_id":null,"username":null}
{"method":"GET","path":"/-/metrics","format":"html","controller":"MetricsController","action":"index","status":200,"duration":2.29,"view":0.24,"db":0.0,"time":"2018-05-04T23:33:06.279Z","params":[],"remote_ip":null,"user_id":null,"username":null}
{"method":"GET","path":"/-/metrics","format":"html","controller":"MetricsController","action":"index","status":200,"duration":4.24,"view":0.3,"db":0.0,"time":"2018-05-04T23:33:21.288Z","params":[],"remote_ip":null,"user_id":null,"username":null}
{"method":"GET","path":"/-/metrics","format":"html","controller":"MetricsController","action":"index","status":200,"duration":4.29,"view":0.24,"db":0.0,"time":"2018-05-04T23:33:36.277Z","params":[],"remote_ip":null,"user_id":null,"username":null}
{"method":"GET","path":"/help","format":"*/*","controller":"HelpController","action":"index","status":200,"duration":92.43,"view":87.22,"db":0.0,"time":"2018-05-04T23:33:44.630Z","params":[],"remote_ip":"127.0.0.1","user_id":null,"username":null}
{"method":"GET","path":"/-/metrics","format":"html","controller":"MetricsController","action":"index","status":200,"duration":2.44,"view":0.27,"db":0.0,"time":"2018-05-04T23:33:51.279Z","params":[],"remote_ip":null,"user_id":null,"username":null}
{"method":"GET","path":"/-/metrics","format":"html","controller":"MetricsController","action":"index","status":200,"duration":2.44,"view":0.26,"db":0.0,"time":"2018-05-04T23:34:06.280Z","params":[],"remote_ip":null,"user_id":null,"username":null}
{"method":"GET","path":"/-/metrics","format":"html","controller":"MetricsController","action":"index","status":200,"duration":3.74,"view":0.27,"db":0.0,"time":"2018-05-04T23:34:21.278Z","params":[],"remote_ip":null,"user_id":null,"username":null}
{"method":"GET","path":"/-/metrics","format":"html","controller":"MetricsController","action":"index","status":200,"duration":2.22,"view":0.24,"db":0.0,"time":"2018-05-04T23:34:36.278Z","params":[],"remote_ip":null,"user_id":null,"username":null}
{"method":"GET","path":"/help","format":"*/*","controller":"HelpController","action":"index","status":200,"duration":194.81,"view":182.54,"db":0.0,"time":"2018-05-04T23:34:44.829Z","params":[],"remote_ip":"127.0.0.1","user_id":null,"username":null}
{"method":"GET","path":"/-/metrics","format":"html","controller":"MetricsController","action":"index","status":200,"duration":2.64,"view":0.28,"db":0.0,"time":"2018-05-04T23:34:51.279Z","params":[],"remote_ip":null,"user_id":null,"username":null}
{"method":"GET","path":"/-/metrics","format":"html","controller":"MetricsController","action":"index","status":200,"duration":3.09,"view":0.38,"db":0.0,"time":"2018-05-04T23:35:06.276Z","params":[],"remote_ip":null,"user_id":null,"username":null}
{"method":"GET","path":"/-/metrics","format":"html","controller":"MetricsController","action":"index","status":200,"duration":2.3,"view":0.24,"db":0.0,"time":"2018-05-04T23:35:21.278Z","params":[],"remote_ip":null,"user_id":null,"username":null}
{"method":"GET","path":"/-/metrics","format":"html","controller":"MetricsController","action":"index","status":200,"duration":2.35,"view":0.22,"db":0.0,"time":"2018-05-04T23:35:36.278Z","params":[],"remote_ip":null,"user_id":null,"username":null}
{"method":"GET","path":"/help","format":"*/*","controller":"HelpController","action":"index","status":200,"duration":397.54,"view":338.53,"db":0.0,"time":"2018-05-04T23:35:45.207Z","params":[],"remote_ip":"127.0.0.1","user_id":null,"username":null}
{"method":"GET","path":"/-/metrics","format":"html","controller":"MetricsController","action":"index","status":200,"duration":2.72,"view":0.31,"db":0.0,"time":"2018-05-04T23:35:51.276Z","params":[],"remote_ip":null,"user_id":null,"username":null}
{"method":"GET","path":"/-/metrics","format":"html","controller":"MetricsController","action":"index","status":200,"duration":2.45,"view":0.23,"db":0.0,"time":"2018-05-04T23:36:06.276Z","params":[],"remote_ip":null,"user_id":null,"username":null}
{"method":"GET","path":"/-/metrics","format":"html","controller":"MetricsController","action":"index","status":200,"duration":4.76,"view":0.58,"db":0.0,"time":"2018-05-04T23:36:21.281Z","params":[],"remote_ip":null,"user_id":null,"username":null}
{"method":"GET","path":"/-/metrics","format":"html","controller":"MetricsController","action":"index","status":200,"duration":2.34,"view":0.31,"db":0.0,"time":"2018-05-04T23:36:36.276Z","params":[],"remote_ip":null,"user_id":null,"username":null}
{"method":"GET","path":"/help","format":"*/*","controller":"HelpController","action":"index","status":200,"duration":89.62,"view":83.28,"db":0.0,"time":"2018-05-04T23:36:45.785Z","params":[],"remote_ip":"127.0.0.1","user_id":null,"username":null}
{"method":"GET","path":"/-/metrics","format":"html","controller":"MetricsController","action":"index","status":200,"duration":5.9,"view":0.52,"db":0.0,"time":"2018-05-04T23:36:51.279Z","params":[],"remote_ip":null,"user_id":null,"username":null}
{"method":"GET","path":"/-/metrics","format":"html","controller":"MetricsController","action":"index","status":200,"duration":2.34,"view":0.24,"db":0.0,"time":"2018-05-04T23:37:06.279Z","params":[],"remote_ip":null,"user_id":null,"username":null}
{"method":"GET","path":"/-/metrics","format":"html","controller":"MetricsController","action":"index","status":200,"duration":2.66,"view":0.32,"db":0.0,"time":"2018-05-04T23:37:21.282Z","params":[],"remote_ip":null,"user_id":null,"username":null}
{"method":"GET","path":"/-/metrics","format":"html","controller":"MetricsController","action":"index","status":200,"duration":2.66,"view":0.22,"db":0.0,"time":"2018-05-04T23:37:36.275Z","params":[],"remote_ip":null,"user_id":null,"username":null}
{"method":"GET","path":"/help","format":"*/*","controller":"HelpController","action":"index","status":200,"duration":164.52,"view":153.3,"db":0.0,"time":"2018-05-04T23:37:46.011Z","params":[],"remote_ip":"127.0.0.1","user_id":null,"username":null}
{"method":"GET","path":"/-/metrics","format":"html","controller":"MetricsController","action":"index","status":200,"duration":2.17,"view":0.23,"db":0.0,"time":"2018-05-04T23:37:51.283Z","params":[],"remote_ip":null,"user_id":null,"username":null}
{"method":"GET","path":"/-/metrics","format":"html","controller":"MetricsController","action":"index","status":200,"duration":2.69,"view":0.43,"db":0.0,"time":"2018-05-04T23:38:06.279Z","params":[],"remote_ip":null,"user_id":null,"username":null}
{"method":"GET","path":"/-/metrics","format":"html","controller":"MetricsController","action":"index","status":200,"duration":2.43,"view":0.28,"db":0.0,"time":"2018-05-04T23:38:21.281Z","params":[],"remote_ip":null,"user_id":null,"username":null}
{"method":"GET","path":"/-/metrics","format":"html","controller":"MetricsController","action":"index","status":200,"duration":2.53,"view":0.29,"db":0.0,"time":"2018-05-04T23:38:36.278Z","params":[],"remote_ip":null,"user_id":null,"username":null}
{"method":"GET","path":"/help","format":"*/*","controller":"HelpController","action":"index","status":200,"duration":164.21,"view":158.94,"db":0.0,"time":"2018-05-04T23:38:46.297Z","params":[],"remote_ip":"127.0.0.1","user_id":null,"username":null}
{"method":"GET","path":"/-/metrics","format":"html","controller":"MetricsController","action":"index","status":200,"duration":2.19,"view":0.23,"db":0.0,"time":"2018-05-04T23:38:51.276Z","params":[],"remote_ip":null,"user_id":null,"username":null}
{"method":"GET","path":"/-/metrics","format":"html","controller":"MetricsController","action":"index","status":200,"duration":2.33,"view":0.26,"db":0.0,"time":"2018-05-04T23:39:06.276Z","params":[],"remote_ip":null,"user_id":null,"username":null}
{"method":"GET","path":"/-/metrics","format":"html","controller":"MetricsController","action":"index","status":200,"duration":2.26,"view":0.26,"db":0.0,"time":"2018-05-04T23:39:21.279Z","params":[],"remote_ip":null,"user_id":null,"username":null}
{"method":"GET","path":"/-/metrics","format":"html","controller":"MetricsController","action":"index","status":200,"duration":2.36,"view":0.23,"db":0.0,"time":"2018-05-04T23:39:36.276Z","params":[],"remote_ip":null,"user_id":null,"username":null}
{"method":"GET","path":"/help","format":"*/*","controller":"HelpController","action":"index","status":200,"duration":107.25,"view":100.11,"db":0.0,"time":"2018-05-04T23:39:46.563Z","params":[],"remote_ip":"127.0.0.1","user_id":null,"username":null}
{"method":"GET","path":"/-/metrics","format":"html","controller":"MetricsController","action":"index","status":200,"duration":2.26,"view":0.29,"db":0.0,"time":"2018-05-04T23:39:51.279Z","params":[],"remote_ip":null,"user_id":null,"username":null}
{"method":"GET","path":"/-/metrics","format":"html","controller":"MetricsController","action":"index","status":200,"duration":2.19,"view":0.23,"db":0.0,"time":"2018-05-04T23:40:06.279Z","params":[],"remote_ip":null,"user_id":null,"username":null}
{"method":"GET","path":"/-/metrics","format":"html","controller":"MetricsController","action":"index","status":200,"duration":2.89,"view":0.42,"db":0.0,"time":"2018-05-04T23:40:21.276Z","params":[],"remote_ip":null,"user_id":null,"username":null}
{"method":"GET","path":"/-/metrics","format":"html","controller":"MetricsController","action":"index","status":200,"duration":2.21,"view":0.24,"db":0.0,"time":"2018-05-04T23:40:36.278Z","params":[],"remote_ip":null,"user_id":null,"username":null}
{"method":"GET","path":"/help","format":"*/*","controller":"HelpController","action":"index","status":200,"duration":90.94,"view":85.4,"db":0.0,"time":"2018-05-04T23:40:46.761Z","params":[],"remote_ip":"127.0.0.1","user_id":null,"username":null}
{"method":"GET","path":"/-/metrics","format":"html","controller":"MetricsController","action":"index","status":200,"duration":2.19,"view":0.24,"db":0.0,"time":"2018-05-04T23:40:51.278Z","params":[],"remote_ip":null,"user_id":null,"username":null}
{"method":"GET","path":"/-/metrics","format":"html","controller":"MetricsController","action":"index","status":200,"duration":2.34,"view":0.23,"db":0.0,"time":"2018-05-04T23:41:06.277Z","params":[],"remote_ip":null,"user_id":null,"username":null}
{"method":"GET","path":"/-/metrics","format":"html","controller":"MetricsController","action":"index","status":200,"duration":2.25,"view":0.24,"db":0.0,"time":"2018-05-04T23:41:21.277Z","params":[],"remote_ip":null,"user_id":null,"username":null}
{"method":"GET","path":"/-/metrics","format":"html","controller":"MetricsController","action":"index","status":200,"duration":2.19,"view":0.23,"db":0.0,"time":"2018-05-04T23:41:36.278Z","params":[],"remote_ip":null,"user_id":null,"username":null}
{"method":"GET","path":"/help","format":"*/*","controller":"HelpController","action":"index","status":200,"duration":102.84,"view":95.87,"db":0.0,"time":"2018-05-04T23:41:46.953Z","params":[],"remote_ip":"127.0.0.1","user_id":null,"username":null}
{"method":"GET","path":"/-/metrics","format":"html","controller":"MetricsController","action":"index","status":200,"duration":3.33,"view":0.46,"db":0.0,"time":"2018-05-04T23:41:51.276Z","params":[],"remote_ip":null,"user_id":null,"username":null}
{"method":"GET","path":"/","format":"html","controller":"RootController","action":"index","status":302,"duration":11.57,"view":0.0,"db":0.0,"location":"http://localhost:888/users/sign_in","time":"2018-05-04T23:42:01.892Z","params":[],"remote_ip":"172.18.0.1","user_id":null,"username":null}
{"method":"GET","path":"/users/sign_in","format":"html","controller":"SessionsController","action":"new","status":302,"duration":798.36,"view":0.0,"db":145.97,"location":"http://localhost:888/users/password/edit","time":"2018-05-04T23:42:01.939Z","params":[],"remote_ip":"172.18.0.1","user_id":null,"username":null}
{"method":"GET","path":"/users/password/edit","format":"html","controller":"PasswordsController","action":"edit","status":200,"duration":468.48,"view":188.68,"db":33.91,"time":"2018-05-04T23:42:02.773Z","params":[{"key":"reset_password_token","value":"[FILTERED]"}],"remote_ip":"172.18.0.1","user_id":null,"username":null}
{"method":"GET","path":"/-/metrics","format":"html","controller":"MetricsController","action":"index","status":200,"duration":2.49,"view":0.3,"db":0.0,"time":"2018-05-04T23:42:06.279Z","params":[],"remote_ip":null,"user_id":null,"username":null}
{"method":"GET","path":"/users/password/edit","format":"html","controller":"PasswordsController","action":"edit","status":200,"duration":29.11,"view":11.6,"db":7.71,"time":"2018-05-04T23:42:10.218Z","params":[{"key":"reset_password_token","value":"[FILTERED]"}],"remote_ip":"172.18.0.1","user_id":null,"username":null}
{"method":"GET","path":"/-/metrics","format":"html","controller":"MetricsController","action":"index","status":200,"duration":2.41,"view":0.3,"db":0.0,"time":"2018-05-04T23:42:21.278Z","params":[],"remote_ip":null,"user_id":null,"username":null}
{"method":"GET","path":"/-/metrics","format":"html","controller":"MetricsController","action":"index","status":200,"duration":4.31,"view":0.31,"db":0.0,"time":"2018-05-04T23:42:36.279Z","params":[],"remote_ip":null,"user_id":null,"username":null}
{"method":"GET","path":"/help","format":"*/*","controller":"HelpController","action":"index","status":200,"duration":392.0,"view":377.97,"db":0.0,"time":"2018-05-04T23:42:47.447Z","params":[],"remote_ip":"127.0.0.1","user_id":null,"username":null}
{"method":"GET","path":"/-/metrics","format":"html","controller":"MetricsController","action":"index","status":200,"duration":2.67,"view":0.29,"db":0.0,"time":"2018-05-04T23:42:51.279Z","params":[],"remote_ip":null,"user_id":null,"username":null}
{"method":"GET","path":"/-/metrics","format":"html","controller":"MetricsController","action":"index","status":200,"duration":2.47,"view":0.24,"db":0.0,"time":"2018-05-04T23:43:06.278Z","params":[],"remote_ip":null,"user_id":null,"username":null}
{"method":"GET","path":"/-/metrics","format":"html","controller":"MetricsController","action":"index","status":200,"duration":2.49,"view":0.26,"db":0.0,"time":"2018-05-04T23:43:21.278Z","params":[],"remote_ip":null,"user_id":null,"username":null}
{"method":"GET","path":"/-/metrics","format":"html","controller":"MetricsController","action":"index","status":200,"duration":2.34,"view":0.24,"db":0.0,"time":"2018-05-04T23:43:36.279Z","params":[],"remote_ip":null,"user_id":null,"username":null}
{"method":"GET","path":"/help","format":"*/*","controller":"HelpController","action":"index","status":200,"duration":114.96,"view":109.33,"db":0.0,"time":"2018-05-04T23:43:48.085Z","params":[],"remote_ip":"127.0.0.1","user_id":null,"username":null}
{"method":"GET","path":"/-/metrics","format":"html","controller":"MetricsController","action":"index","status":200,"duration":3.5,"view":0.34,"db":0.0,"time":"2018-05-04T23:43:51.278Z","params":[],"remote_ip":null,"user_id":null,"username":null}
{"method":"GET","path":"/-/metrics","format":"html","controller":"MetricsController","action":"index","status":200,"duration":2.84,"view":0.28,"db":0.0,"time":"2018-05-04T23:44:06.279Z","params":[],"remote_ip":null,"user_id":null,"username":null}
{"method":"GET","path":"/-/metrics","format":"html","controller":"MetricsController","action":"index","status":200,"duration":2.22,"view":0.3,"db":0.0,"time":"2018-05-04T23:44:21.276Z","params":[],"remote_ip":null,"user_id":null,"username":null}
{"method":"GET","path":"/-/metrics","format":"html","controller":"MetricsController","action":"index","status":200,"duration":3.31,"view":0.28,"db":0.0,"time":"2018-05-04T23:44:36.280Z","params":[],"remote_ip":null,"user_id":null,"username":null}
{"method":"GET","path":"/help","format":"*/*","controller":"HelpController","action":"index","status":200,"duration":119.32,"view":108.43,"db":0.0,"time":"2018-05-04T23:44:48.322Z","params":[],"remote_ip":"127.0.0.1","user_id":null,"username":null}
{"method":"GET","path":"/-/metrics","format":"html","controller":"MetricsController","action":"index","status":200,"duration":4.61,"view":0.26,"db":0.0,"time":"2018-05-04T23:44:51.280Z","params":[],"remote_ip":null,"user_id":null,"username":null}
{"method":"GET","path":"/-/metrics","format":"html","controller":"MetricsController","action":"index","status":200,"duration":4.34,"view":0.83,"db":0.0,"time":"2018-05-04T23:45:06.290Z","params":[],"remote_ip":null,"user_id":null,"username":null}
{"method":"GET","path":"/-/metrics","format":"html","controller":"MetricsController","action":"index","status":200,"duration":2.4,"view":0.26,"db":0.0,"time":"2018-05-04T23:45:21.276Z","params":[],"remote_ip":null,"user_id":null,"username":null}
{"method":"GET","path":"/-/metrics","format":"html","controller":"MetricsController","action":"index","status":200,"duration":2.26,"view":0.24,"db":0.0,"time":"2018-05-04T23:45:36.279Z","params":[],"remote_ip":null,"user_id":null,"username":null}
{"method":"GET","path":"/help","format":"*/*","controller":"HelpController","action":"index","status":200,"duration":92.66,"view":84.06,"db":0.0,"time":"2018-05-04T23:45:48.605Z","params":[],"remote_ip":"127.0.0.1","user_id":null,"username":null}
{"method":"GET","path":"/-/metrics","format":"html","controller":"MetricsController","action":"index","status":200,"duration":3.18,"view":0.67,"db":0.0,"time":"2018-05-04T23:45:51.279Z","params":[],"remote_ip":null,"user_id":null,"username":null}
{"method":"GET","path":"/-/metrics","format":"html","controller":"MetricsController","action":"index","status":200,"duration":2.91,"view":0.58,"db":0.0,"time":"2018-05-04T23:46:06.281Z","params":[],"remote_ip":null,"user_id":null,"username":null}
{"method":"GET","path":"/-/metrics","format":"html","controller":"MetricsController","action":"index","status":200,"duration":2.22,"view":0.26,"db":0.0,"time":"2018-05-04T23:46:21.277Z","params":[],"remote_ip":null,"user_id":null,"username":null}
{"method":"GET","path":"/-/metrics","format":"html","controller":"MetricsController","action":"index","status":200,"duration":2.46,"view":0.26,"db":0.0,"time":"2018-05-04T23:46:36.279Z","params":[],"remote_ip":null,"user_id":null,"username":null}
{"method":"GET","path":"/help","format":"*/*","controller":"HelpController","action":"index","status":200,"duration":463.58,"view":457.97,"db":0.0,"time":"2018-05-04T23:46:48.791Z","params":[],"remote_ip":"127.0.0.1","user_id":null,"username":null}
{"method":"GET","path":"/-/metrics","format":"html","controller":"MetricsController","action":"index","status":200,"duration":2.24,"view":0.25,"db":0.0,"time":"2018-05-04T23:46:51.278Z","params":[],"remote_ip":null,"user_id":null,"username":null}
{"method":"GET","path":"/users/password/edit","format":"html","controller":"PasswordsController","action":"edit","status":200,"duration":137.49,"view":116.59,"db":8.2,"time":"2018-05-04T23:46:55.468Z","params":[{"key":"reset_password_token","value":"[FILTERED]"}],"remote_ip":"172.18.0.1","user_id":null,"username":null}
